2025-09-01 16:21:00,547 [INFO] rtl_group_mode: ==== RTL Group Mode started ====
2025-09-01 16:24:20,774 [ERROR] rtl_group_mode: Invalid start path: C:\Users\JunsChoi\OneDrive - HARMAN\문서\[TF] TF자료\Assertion TF\Assertion Script\& 'c:\Users\JunsChoi\OneDrive - HARMAN\문서\[TF] TF자료\Assertion TF\Assertion Script\EDA\SRAM.v'
2025-09-01 16:24:31,263 [INFO] rtl_group_mode: ==== RTL Group Mode started ====
2025-09-01 16:24:42,992 [ERROR] rtl_group_mode: Invalid start path: C:\Users\JunsChoi\OneDrive - HARMAN\문서\[TF] TF자료\Assertion TF\Assertion Script\SRAM
2025-09-01 16:24:44,994 [INFO] rtl_group_mode: ==== RTL Group Mode started ====
2025-09-01 16:24:48,844 [ERROR] rtl_group_mode: Invalid start path: C:\Users\JunsChoi\OneDrive - HARMAN\문서\[TF] TF자료\Assertion TF\Assertion Script\SRAM.v
2025-09-01 16:26:25,530 [INFO] rtl_group_mode: ==== RTL Group Mode started ====
2025-09-01 16:26:56,896 [INFO] rtl_group_mode: Start building modules DB from 14 files
2025-09-01 16:26:56,906 [ERROR] rtl_group_mode: Parsing failed
Traceback (most recent call last):
  File "C:\Users\JunsChoi\OneDrive - HARMAN\문서\[TF] TF자료\Assertion TF\Assertion Script\rtl_parser.py", line 605, in main
    modules = build_modules_db(files, allow_unknown=False)
  File "C:\Users\JunsChoi\OneDrive - HARMAN\문서\[TF] TF자료\Assertion TF\Assertion Script\rtl_parser.py", line 319, in build_modules_db
    ports = merge_ports(header_ports, body_decls)
            ^^^^^^^^^^^
NameError: name 'merge_ports' is not defined. Did you mean: 'header_ports'?
2025-09-01 16:30:15,796 [INFO] rtl_group_mode: ==== RTL Group Mode started ====
2025-09-01 16:30:15,806 [INFO] rtl_group_mode: Start building modules DB from 14 files
2025-09-01 16:30:15,818 [INFO] rtl_group_mode: Finished modules DB: 14 modules
2025-09-01 16:50:15,166 [INFO] rtl_group_mode: ==== RTL Group Mode finished ====
2025-09-01 17:35:12,948 [INFO] rtl_group_mode: ==== RTL Group Mode started ====
2025-09-01 17:35:12,959 [INFO] rtl_group_mode: Start building modules DB from 14 files
2025-09-01 17:35:12,972 [INFO] rtl_group_mode: Finished modules DB: 14 modules
2025-09-01 17:55:16,465 [INFO] rtl_group_mode: ==== RTL Group Mode started ====
2025-09-01 17:55:16,466 [ERROR] rtl_group_mode: Invalid start path: C:\Users\JunsChoi\OneDrive - HARMAN\문서\[TF] TF자료\Assertion TF\Assertion Script\EDA\video_sync_out_gen.v
2025-09-01 17:55:46,668 [INFO] rtl_group_mode: ==== RTL Group Mode started ====
2025-09-01 17:55:46,669 [INFO] rtl_group_mode: Detected RTL root at: C:\Users\JunsChoi\OneDrive - HARMAN\문서\[TF] TF자료\Assertion TF\Assertion Script\EDA\RTL
2025-09-01 17:55:46,671 [INFO] rtl_group_mode: Start building modules DB from 14 files
2025-09-01 17:55:46,681 [INFO] rtl_group_mode: Finished modules DB: 14 modules
2025-09-01 17:56:40,411 [INFO] rtl_group_mode: Saved group JSON (auto-1): C:\Users\JunsChoi\OneDrive - HARMAN\문서\[TF] TF자료\Assertion TF\Assertion Script\out\groups\video_sync_out_gen.group01.json
2025-09-01 17:56:40,421 [INFO] rtl_group_mode: ==== RTL Group Mode finished ====
2025-09-01 18:15:37,150 [INFO] rtl_group_mode: ==== RTL Group Mode started ====
2025-09-01 18:15:37,151 [INFO] rtl_group_mode: Detected RTL root at: C:\Users\JunsChoi\OneDrive - HARMAN\문서\[TF] TF자료\Assertion TF\Assertion Script\EDA\RTL
2025-09-01 18:15:37,152 [INFO] rtl_group_mode: Start building modules DB from 14 files
2025-09-01 18:15:37,165 [INFO] rtl_group_mode: Finished modules DB: 14 modules
2025-09-01 18:15:49,219 [INFO] rtl_group_mode: Saved group JSON (auto-1): C:\Users\JunsChoi\OneDrive - HARMAN\문서\[TF] TF자료\Assertion TF\Assertion Script\out\groups\video_sync_out_gen.group01.json
2025-09-01 18:15:49,220 [INFO] rtl_group_mode: ==== RTL Group Mode finished ====
2025-09-01 18:26:21,221 [INFO] rtl_group_mode: ==== RTL Group Mode started ====
2025-09-01 18:26:21,222 [INFO] rtl_group_mode: Detected RTL root at: C:\Users\JunsChoi\OneDrive - HARMAN\문서\[TF] TF자료\Assertion TF\Assertion Script\EDA\RTL
2025-09-01 18:34:25,263 [INFO] rtl_group_mode: ==== RTL Group Mode started ====
2025-09-01 18:34:25,264 [INFO] rtl_group_mode: Detected RTL root at: C:\Users\JunsChoi\OneDrive - HARMAN\문서\[TF] TF자료\Assertion TF\Assertion Script\EDA\RTL
2025-09-01 18:34:25,266 [INFO] rtl_group_mode: Discovered files (union): 47
2025-09-01 18:34:25,285 [INFO] rtl_group_mode: Start building modules DB from 47 files
2025-09-01 18:34:25,298 [WARNING] rtl_group_mode: Malformed module header (missing port list): tb_top
2025-09-01 18:34:25,308 [INFO] rtl_group_mode: Finished modules DB: 14 modules
2025-09-01 18:34:55,110 [INFO] rtl_group_mode: ==== RTL Group Mode finished ====
2025-09-01 18:36:59,435 [INFO] rtl_group_mode: ==== RTL Group Mode started ====
2025-09-01 18:36:59,442 [INFO] rtl_group_mode: Detected RTL root at: C:\Users\JunsChoi\OneDrive - HARMAN\문서\[TF] TF자료\Assertion TF\Assertion Script\EDA\RTL
2025-09-01 18:36:59,445 [INFO] rtl_group_mode: Discovered files (union): 47
2025-09-01 18:36:59,456 [INFO] rtl_group_mode: Start building modules DB from 47 files
2025-09-01 18:36:59,468 [WARNING] rtl_group_mode: Malformed module header (missing port list): tb_top
2025-09-01 18:36:59,478 [INFO] rtl_group_mode: Finished modules DB: 14 modules
2025-09-01 18:37:06,008 [INFO] rtl_group_mode: ==== RTL Group Mode finished ====
2025-09-01 18:43:22,819 [INFO] rtl_group_mode: ==== RTL Group Mode started ====
2025-09-01 18:43:22,820 [INFO] rtl_group_mode: Detected RTL root at: C:\Users\JunsChoi\OneDrive - HARMAN\문서\[TF] TF자료\Assertion TF\Assertion Script\EDA\RTL
2025-09-01 18:43:22,822 [INFO] rtl_group_mode: Discovered files (union): 47
2025-09-01 18:43:22,832 [INFO] rtl_group_mode: Start building modules DB from 47 files
2025-09-01 18:43:22,844 [WARNING] rtl_group_mode: Malformed module header (missing port list): tb_top
2025-09-01 18:43:22,854 [INFO] rtl_group_mode: Finished modules DB: 14 modules
2025-09-01 18:43:28,711 [INFO] rtl_group_mode: ==== RTL Group Mode finished ====
2025-09-01 19:04:10,217 [INFO] rtl_group_mode: ==== RTL Group Mode started ====
2025-09-01 19:04:10,218 [INFO] rtl_group_mode: Detected RTL root at: C:\Users\JunsChoi\OneDrive - HARMAN\문서\[TF] TF자료\Assertion TF\Assertion Script\EDA\RTL
2025-09-01 19:04:10,221 [INFO] rtl_group_mode: Discovered files (union): 47
2025-09-01 19:04:10,231 [INFO] rtl_group_mode: Start building modules DB from 47 files
2025-09-01 19:04:10,245 [WARNING] rtl_group_mode: Malformed module header (missing port list): tb_top
2025-09-01 19:04:10,256 [INFO] rtl_group_mode: Finished modules DB: 14 modules
2025-09-01 19:04:16,790 [INFO] rtl_group_mode: ==== RTL Group Mode finished ====
